<?xml version="1.0" encoding="UTF-8"?>
<!-- Generated by org.testng.reporters.JUnitXMLReporter -->
<testsuite ignored="3" hostname="OPTIMUS" failures="0" tests="1" name="mno" time="0.009" errors="0" timestamp="2023-04-15T18:40:48 IST">
  <testcase classname="PrioritiesInTestNG.EnabledEx1" name="mno" time="0.003"/>
  <testcase classname="PrioritiesInTestNG.EnabledEx1" name="pqr" time="0.0">
    <ignored/>
  </testcase> <!-- pqr -->
  <testcase classname="PrioritiesInTestNG.EnabledEx1" name="def" time="0.0">
    <ignored/>
  </testcase> <!-- def -->
  <testcase classname="PrioritiesInTestNG.EnabledEx1" name="abc" time="0.0">
    <ignored/>
  </testcase> <!-- abc -->
</testsuite> <!-- mno -->
