<?xml version="1.0" encoding="UTF-8"?>
<!-- Generated by org.testng.reporters.JUnitXMLReporter -->
<testsuite ignored="2" hostname="OPTIMUS" failures="0" tests="1" name="Test2" time="9.091" errors="0" timestamp="2023-04-17T16:05:44 IST">
  <testcase classname="ScreenshotsForFailedTest.TestClass" name="testFacebook" time="6.128"/>
  <testcase classname="ScreenshotsForFailedTest.TestClass" name="testYoutube" time="0.0">
    <ignored/>
  </testcase> <!-- testYoutube -->
  <testcase classname="ScreenshotsForFailedTest.TestClass" name="testLogin" time="0.0">
    <ignored/>
  </testcase> <!-- testLogin -->
</testsuite> <!-- Test2 -->
