<?xml version="1.0" encoding="UTF-8"?>
<!-- Generated by org.testng.reporters.JUnitXMLReporter -->
<testsuite ignored="2" hostname="OPTIMUS" failures="0" tests="1" name="Test1" time="11.696" errors="0" timestamp="2023-04-17T16:05:35 IST">
  <testcase classname="ScreenshotsForFailedTest.TestClass" name="testYoutube" time="8.585"/>
  <testcase classname="ScreenshotsForFailedTest.TestClass" name="testFacebook" time="0.0">
    <ignored/>
  </testcase> <!-- testFacebook -->
  <testcase classname="ScreenshotsForFailedTest.TestClass" name="testLogin" time="0.0">
    <ignored/>
  </testcase> <!-- testLogin -->
</testsuite> <!-- Test1 -->
